-outxml
-source
1.7
-target
1.7
-classpath
C:\Windows\System32\config\systemprofile\.m2\repository\aopalliance\aopalliance\1.0\aopalliance-1.0.jar;C:\Windows\System32\config\systemprofile\.m2\repository\com\fasterxml\jackson\core\jackson-annotations\2.4.0\jackson-annotations-2.4.0.jar;C:\Windows\System32\config\systemprofile\.m2\repository\com\fasterxml\jackson\core\jackson-core\2.4.1\jackson-core-2.4.1.jar;C:\Windows\System32\config\systemprofile\.m2\repository\com\fasterxml\jackson\core\jackson-databind\2.4.1\jackson-databind-2.4.1.jar;C:\Windows\System32\config\systemprofile\.m2\repository\com\jayway\jsonpath\json-path\0.8.1\json-path-0.8.1.jar;C:\Windows\System32\config\systemprofile\.m2\repository\com\rometools\rome\1.5.0\rome-1.5.0.jar;C:\Windows\System32\config\systemprofile\.m2\repository\com\rometools\rome-utils\1.5.0\rome-utils-1.5.0.jar;C:\Windows\System32\config\systemprofile\.m2\repository\commons-fileupload\commons-fileupload\1.2.2\commons-fileupload-1.2.2.jar;C:\Windows\System32\config\systemprofile\.m2\repository\commons-io\commons-io\2.0.1\commons-io-2.0.1.jar;C:\Windows\System32\config\systemprofile\.m2\repository\javax\inject\javax.inject\1\javax.inject-1.jar;C:\Windows\System32\config\systemprofile\.m2\repository\javax\servlet\jsp\jsp-api\2.1\jsp-api-2.1.jar;C:\Windows\System32\config\systemprofile\.m2\repository\javax\servlet\jsp\jstl\jstl-api\1.2\jstl-api-1.2.jar;C:\Windows\System32\config\systemprofile\.m2\repository\javax\validation\validation-api\1.0.0.GA\validation-api-1.0.0.GA.jar;C:\Windows\System32\config\systemprofile\.m2\repository\joda-time\joda-time\2.3\joda-time-2.3.jar;C:\Windows\System32\config\systemprofile\.m2\repository\junit\junit\4.11\junit-4.11.jar;C:\Windows\System32\config\systemprofile\.m2\repository\log4j\log4j\1.2.16\log4j-1.2.16.jar;C:\Windows\System32\config\systemprofile\.m2\repository\org\apache\tomcat\tomcat-servlet-api\7.0.30\tomcat-servlet-api-7.0.30.jar;C:\Windows\System32\config\systemprofile\.m2\repository\org\aspectj\aspectjrt\1.8.1\aspectjrt-1.8.1.jar;C:\Windows\System32\config\systemprofile\.m2\repository\org\glassfish\web\jstl-impl\1.2\jstl-impl-1.2.jar;C:\Windows\System32\config\systemprofile\.m2\repository\org\hamcrest\hamcrest-library\1.3\hamcrest-library-1.3.jar;C:\Windows\System32\config\systemprofile\.m2\repository\org\hibernate\hibernate-validator\4.1.0.Final\hibernate-validator-4.1.0.Final.jar;C:\Windows\System32\config\systemprofile\.m2\repository\org\jdom\jdom\2.0.2\jdom-2.0.2.jar;C:\Windows\System32\config\systemprofile\.m2\repository\org\slf4j\jcl-over-slf4j\1.6.1\jcl-over-slf4j-1.6.1.jar;C:\Windows\System32\config\systemprofile\.m2\repository\org\slf4j\slf4j-api\1.6.1\slf4j-api-1.6.1.jar;C:\Windows\System32\config\systemprofile\.m2\repository\org\slf4j\slf4j-log4j12\1.6.1\slf4j-log4j12-1.6.1.jar;C:\Windows\System32\config\systemprofile\.m2\repository\org\springframework\spring-aop\4.1.0.RELEASE\spring-aop-4.1.0.RELEASE.jar;C:\Windows\System32\config\systemprofile\.m2\repository\org\springframework\spring-beans\4.1.0.RELEASE\spring-beans-4.1.0.RELEASE.jar;C:\Windows\System32\config\systemprofile\.m2\repository\org\springframework\spring-context\4.1.0.RELEASE\spring-context-4.1.0.RELEASE.jar;C:\Windows\System32\config\systemprofile\.m2\repository\org\springframework\spring-core\4.1.0.RELEASE\spring-core-4.1.0.RELEASE.jar;C:\Windows\System32\config\systemprofile\.m2\repository\org\springframework\spring-expression\4.1.0.RELEASE\spring-expression-4.1.0.RELEASE.jar;C:\Windows\System32\config\systemprofile\.m2\repository\org\springframework\spring-test\4.1.0.RELEASE\spring-test-4.1.0.RELEASE.jar;C:\Windows\System32\config\systemprofile\.m2\repository\org\springframework\spring-web\4.1.0.RELEASE\spring-web-4.1.0.RELEASE.jar;C:\Windows\System32\config\systemprofile\.m2\repository\org\springframework\spring-webmvc\4.1.0.RELEASE\spring-webmvc-4.1.0.RELEASE.jar;C:\Windows\System32\config\systemprofile\.m2\repository\org\springframework\security\spring-security-core\3.2.0.RELEASE\spring-security-core-3.2.0.RELEASE.jar;C:\Windows\System32\config\systemprofile\.m2\repository\org\springframework\security\spring-security-web\3.2.0.RELEASE\spring-security-web-3.2.0.RELEASE.jar;C:\Windows\System32\config\systemprofile\.m2\repository\xmlunit\xmlunit\1.2\xmlunit-1.2.jar;C:\Program Files (x86)\Jenkins\jobs\soner_project\workspace\target\classes
-d
C:\Program Files (x86)\Jenkins\jobs\soner_project\workspace\target\classes
C:\Program Files (x86)\Jenkins\jobs\soner_project\workspace\src\main\java\org\springframework\samples\mvc\views\ViewsController.java
C:\Program Files (x86)\Jenkins\jobs\soner_project\workspace\src\main\java\org\springframework\mvc\extensions\ajax\AjaxUtils.java
C:\Program Files (x86)\Jenkins\jobs\soner_project\workspace\src\main\java\org\springframework\samples\mvc\data\custom\RequestAttribute.java
C:\Program Files (x86)\Jenkins\jobs\soner_project\workspace\src\main\java\org\springframework\samples\mvc\async\DeferredResultController.java
C:\Program Files (x86)\Jenkins\jobs\soner_project\workspace\src\main\java\org\springframework\samples\mvc\exceptions\ExceptionController.java
C:\Program Files (x86)\Jenkins\jobs\soner_project\workspace\src\main\java\org\springframework\samples\mvc\mapping\ClasslevelMappingController.java
C:\Program Files (x86)\Jenkins\jobs\soner_project\workspace\src\main\java\org\springframework\samples\mvc\async\CallableController.java
C:\Program Files (x86)\Jenkins\jobs\soner_project\workspace\src\main\java\org\springframework\samples\mvc\data\standard\StandardArgumentsController.java
C:\Program Files (x86)\Jenkins\jobs\soner_project\workspace\src\main\java\org\springframework\samples\mvc\messageconverters\MessageConvertersController.java
C:\Program Files (x86)\Jenkins\jobs\soner_project\workspace\src\main\java\org\springframework\samples\mvc\views\JavaBean.java
C:\Program Files (x86)\Jenkins\jobs\soner_project\workspace\src\main\java\org\springframework\samples\mvc\validation\JavaBean.java
C:\Program Files (x86)\Jenkins\jobs\soner_project\workspace\src\main\java\org\springframework\samples\mvc\simple\SimpleController.java
C:\Program Files (x86)\Jenkins\jobs\soner_project\workspace\src\main\java\org\springframework\samples\mvc\data\JavaBean.java
C:\Program Files (x86)\Jenkins\jobs\soner_project\workspace\src\main\java\org\springframework\samples\mvc\mapping\MappingController.java
C:\Program Files (x86)\Jenkins\jobs\soner_project\workspace\src\main\java\org\springframework\samples\mvc\convert\JavaBean.java
C:\Program Files (x86)\Jenkins\jobs\soner_project\workspace\src\main\java\org\springframework\samples\mvc\convert\ConvertController.java
C:\Program Files (x86)\Jenkins\jobs\soner_project\workspace\src\main\java\org\springframework\samples\mvc\response\ResponseController.java
C:\Program Files (x86)\Jenkins\jobs\soner_project\workspace\src\main\java\org\springframework\samples\mvc\convert\MaskFormat.java
C:\Program Files (x86)\Jenkins\jobs\soner_project\workspace\src\main\java\org\springframework\samples\mvc\exceptions\BusinessException.java
C:\Program Files (x86)\Jenkins\jobs\soner_project\workspace\src\main\java\org\springframework\samples\mvc\form\FormBean.java
C:\Program Files (x86)\Jenkins\jobs\soner_project\workspace\src\main\java\org\springframework\samples\mvc\convert\NestedBean.java
C:\Program Files (x86)\Jenkins\jobs\soner_project\workspace\src\main\java\org\springframework\samples\mvc\convert\SocialSecurityNumber.java
C:\Program Files (x86)\Jenkins\jobs\soner_project\workspace\src\main\java\org\springframework\samples\mvc\data\custom\CustomArgumentResolver.java
C:\Program Files (x86)\Jenkins\jobs\soner_project\workspace\src\main\java\org\springframework\samples\mvc\messageconverters\JavaBean.java
C:\Program Files (x86)\Jenkins\jobs\soner_project\workspace\src\main\java\org\springframework\samples\mvc\data\custom\CustomArgumentController.java
C:\Program Files (x86)\Jenkins\jobs\soner_project\workspace\src\main\java\org\springframework\samples\mvc\exceptions\GlobalExceptionHandler.java
C:\Program Files (x86)\Jenkins\jobs\soner_project\workspace\src\main\java\org\springframework\samples\mvc\form\FormController.java
C:\Program Files (x86)\Jenkins\jobs\soner_project\workspace\src\main\java\org\springframework\samples\mvc\redirect\RedirectController.java
C:\Program Files (x86)\Jenkins\jobs\soner_project\workspace\src\main\java\org\springframework\samples\mvc\data\RequestDataController.java
C:\Program Files (x86)\Jenkins\jobs\soner_project\workspace\src\main\java\org\springframework\samples\mvc\convert\MaskFormatAnnotationFormatterFactory.java
C:\Program Files (x86)\Jenkins\jobs\soner_project\workspace\src\main\java\org\springframework\samples\mvc\simple\SimpleControllerRevisited.java
C:\Program Files (x86)\Jenkins\jobs\soner_project\workspace\src\main\java\org\springframework\samples\mvc\fileupload\FileUploadController.java
C:\Program Files (x86)\Jenkins\jobs\soner_project\workspace\src\main\java\org\springframework\samples\mvc\form\InquiryType.java
C:\Program Files (x86)\Jenkins\jobs\soner_project\workspace\src\main\java\org\springframework\samples\mvc\mapping\JavaBean.java
C:\Program Files (x86)\Jenkins\jobs\soner_project\workspace\src\main\java\org\springframework\samples\mvc\async\TimeoutCallableProcessingInterceptor.java
C:\Program Files (x86)\Jenkins\jobs\soner_project\workspace\src\main\java\org\springframework\samples\mvc\validation\ValidationController.java
C:\Program Files (x86)\Jenkins\jobs\soner_project\workspace\src\main\java\org\springframework\samples\mvc\async\JavaBean.java
